<?xml version="1.0" encoding="UTF-8"?>
<!-- Generated by org.testng.reporters.JUnitReportReporter -->
<testsuite skipped="0" hostname="Admin_SRV-PC" name="Test.exceldatademo" tests="17" failures="0" timestamp="2022-07-17T09:24:25 IST" time="0.076" errors="0">
  <testcase name="finaldata" time="0.004" classname="Test.exceldatademo"/>
  <system-out/>
  <testcase name="finaldata" time="0.004" classname="Test.exceldatademo"/>
  <system-out/>
  <testcase name="finaldata" time="0.003" classname="Test.exceldatademo"/>
  <system-out/>
  <testcase name="finaldata" time="0.003" classname="Test.exceldatademo"/>
  <system-out/>
  <testcase name="finaldata" time="0.003" classname="Test.exceldatademo"/>
  <system-out/>
  <testcase name="finaldata" time="0.003" classname="Test.exceldatademo"/>
  <system-out/>
  <testcase name="finaldata" time="0.003" classname="Test.exceldatademo"/>
  <system-out/>
  <testcase name="finaldata" time="0.003" classname="Test.exceldatademo"/>
  <system-out/>
  <testcase name="finaldata" time="0.003" classname="Test.exceldatademo"/>
  <system-out/>
  <testcase name="finaldata" time="0.004" classname="Test.exceldatademo"/>
  <system-out/>
  <testcase name="finaldata" time="0.003" classname="Test.exceldatademo"/>
  <system-out/>
  <testcase name="finaldata" time="0.005" classname="Test.exceldatademo"/>
  <system-out/>
  <testcase name="finaldata" time="0.003" classname="Test.exceldatademo"/>
  <system-out/>
  <testcase name="finaldata" time="0.023" classname="Test.exceldatademo"/>
  <system-out/>
  <testcase name="finaldata" time="0.004" classname="Test.exceldatademo"/>
  <system-out/>
  <testcase name="finaldata" time="0.002" classname="Test.exceldatademo"/>
  <system-out/>
  <testcase name="finaldata" time="0.003" classname="Test.exceldatademo"/>
  <system-out/>
</testsuite> <!-- Test.exceldatademo -->
