<?xml version="1.0" encoding="UTF-8"?>
<!-- Generated by org.testng.reporters.JUnitReportReporter -->
<testsuite skipped="0" hostname="Admin_SRV-PC" name="Test.exceldatademo" tests="17" failures="0" timestamp="2022-07-16T09:23:08 IST" time="0.040" errors="0">
  <testcase name="finaldata" time="0.000" classname="Test.exceldatademo"/>
  <system-out/>
  <testcase name="finaldata" time="0.000" classname="Test.exceldatademo"/>
  <system-out/>
  <testcase name="finaldata" time="0.000" classname="Test.exceldatademo"/>
  <system-out/>
  <testcase name="finaldata" time="0.016" classname="Test.exceldatademo"/>
  <system-out/>
  <testcase name="finaldata" time="0.000" classname="Test.exceldatademo"/>
  <system-out/>
  <testcase name="finaldata" time="0.000" classname="Test.exceldatademo"/>
  <system-out/>
  <testcase name="finaldata" time="0.002" classname="Test.exceldatademo"/>
  <system-out/>
  <testcase name="finaldata" time="0.000" classname="Test.exceldatademo"/>
  <system-out/>
  <testcase name="finaldata" time="0.003" classname="Test.exceldatademo"/>
  <system-out/>
  <testcase name="finaldata" time="0.000" classname="Test.exceldatademo"/>
  <system-out/>
  <testcase name="finaldata" time="0.015" classname="Test.exceldatademo"/>
  <system-out/>
  <testcase name="finaldata" time="0.000" classname="Test.exceldatademo"/>
  <system-out/>
  <testcase name="finaldata" time="0.000" classname="Test.exceldatademo"/>
  <system-out/>
  <testcase name="finaldata" time="0.002" classname="Test.exceldatademo"/>
  <system-out/>
  <testcase name="finaldata" time="0.000" classname="Test.exceldatademo"/>
  <system-out/>
  <testcase name="finaldata" time="0.002" classname="Test.exceldatademo"/>
  <system-out/>
  <testcase name="finaldata" time="0.000" classname="Test.exceldatademo"/>
  <system-out/>
</testsuite> <!-- Test.exceldatademo -->
